<?xml version="1.0" encoding="UTF-8"?>
<testng-results ignored="0" total="1" passed="1" failed="0" skipped="0">
  <reporter-output>
  </reporter-output>
  <suite started-at="2024-11-20T10:19:51 IST" name="Default suite" finished-at="2024-11-20T10:20:32 IST" duration-ms="40945">
    <groups>
    </groups>
    <test started-at="2024-11-20T10:19:51 IST" name="Default test" finished-at="2024-11-20T10:20:32 IST" duration-ms="40945">
      <class name="Test_LARQ.T_2Login_LARQ">
        <test-method is-config="true" signature="Browser_Setup()[pri:0, instance:Test_LARQ.T_2Login_LARQ@31190526]" started-at="2024-11-20T10:19:51 IST" name="Browser_Setup" finished-at="2024-11-20T10:20:13 IST" duration-ms="22190" status="PASS">
          <reporter-output>
          </reporter-output>
        </test-method> <!-- Browser_Setup -->
        <test-method signature="verifyLoginWithValidCred()[pri:0, instance:Test_LARQ.T_2Login_LARQ@31190526]" started-at="2024-11-20T10:20:13 IST" name="verifyLoginWithValidCred" finished-at="2024-11-20T10:20:32 IST" duration-ms="18683" status="PASS">
          <reporter-output>
          </reporter-output>
        </test-method> <!-- verifyLoginWithValidCred -->
        <test-method is-config="true" signature="Post_Condition()[pri:0, instance:Test_LARQ.T_2Login_LARQ@31190526]" started-at="2024-11-20T10:20:32 IST" name="Post_Condition" finished-at="2024-11-20T10:20:32 IST" duration-ms="1" status="PASS">
          <reporter-output>
          </reporter-output>
        </test-method> <!-- Post_Condition -->
      </class> <!-- Test_LARQ.T_2Login_LARQ -->
    </test> <!-- Default test -->
  </suite> <!-- Default suite -->
</testng-results>
